<?xml version="1.0" encoding="UTF-8"?>
<!-- Generated by org.testng.reporters.JUnitReportReporter -->
<testsuite hostname="Acer" failures="0" tests="1" name="examples.ExamplesTest" time="8.594" errors="0" timestamp="2021-06-25T02:20:48 SGT" skipped="0">
  <testcase classname="examples.ExamplesTest" name="testParallel" time="8.594"/>
  <system-out/>
</testsuite> <!-- examples.ExamplesTest -->
